06-26-2016 @ 14:16:03 - Queuing 2.6.0 - wc_update_260_options
06-26-2016 @ 14:16:03 - Queuing 2.6.0 - wc_update_260_termmeta
06-26-2016 @ 14:16:03 - Queuing 2.6.0 - wc_update_260_zones
06-26-2016 @ 14:16:03 - Queuing 2.6.0 - wc_update_260_zone_methods
06-26-2016 @ 14:16:03 - Queuing 2.6.0 - wc_update_260_refunds
06-26-2016 @ 14:16:03 - Queuing 2.6.0 - wc_update_260_db_version
06-26-2016 @ 14:16:04 - Unable to dispatch WooCommerce updater: Operation timed out after 1001 milliseconds with 0 bytes received
06-26-2016 @ 14:16:05 - Running wc_update_260_options callback
06-26-2016 @ 14:16:05 - Finished wc_update_260_options callback
06-26-2016 @ 14:16:05 - Running wc_update_260_termmeta callback
06-26-2016 @ 14:16:05 - Finished wc_update_260_termmeta callback
06-26-2016 @ 14:16:05 - Running wc_update_260_zones callback
06-26-2016 @ 14:16:05 - Finished wc_update_260_zones callback
06-26-2016 @ 14:16:05 - Running wc_update_260_zone_methods callback
06-26-2016 @ 14:16:05 - Finished wc_update_260_zone_methods callback
06-26-2016 @ 14:16:05 - Running wc_update_260_refunds callback
06-26-2016 @ 14:16:05 - Finished wc_update_260_refunds callback
06-26-2016 @ 14:16:05 - Running wc_update_260_db_version callback
06-26-2016 @ 14:16:05 - Finished wc_update_260_db_version callback
06-26-2016 @ 14:16:05 - Data update complete
